<?xml version="1.0" encoding="UTF-8"?>
<testsuites name="Naver Test" time="5.595" tests="1" failures="0" errors="0">
   <testsuite name="Naver Test" tests="1" failures="0" errors="0" time="5.595" skipped="0" timestamp="2023-06-21 16:03:38" hostname="Administrator - DESKTOP-35TMRRP" id="Test Suites/Naver Test">
      <properties>
         <property name="deviceName" value=""/>
         <property name="devicePlatform" value=""/>
         <property name="logFolder" value="C:\\Users\\Administrator\\Katalon Studio\\test\\Reports\\20230621_160331\\Naver Test\\20230621_160331"/>
         <property name="logFiles" value="C:\\Users\\Administrator\\Katalon Studio\\test\\Reports\\20230621_160331\\Naver Test\\20230621_160331\\execution0.log"/>
         <property name="attachments" value=""/>
         <property name="hostName" value="Administrator - DESKTOP-35TMRRP"/>
         <property name="os" value="Windows 11 64bit"/>
         <property name="katalonVersion" value="8.6.5.208"/>
         <property name="browser" value="Chrome 114.0.0.0"/>
         <property name="hostAddress" value="172.30.1.28"/>
         <property name="sessionId" value="2f194c2732de70e0eea0214ab8bd4a26"/>
         <property name="seleniumVersion" value="3.141.59"/>
         <property name="proxyInformation" value="ProxyInformation { proxyOption=NO_PROXY, proxyServerType=HTTP, username=, password=********, proxyServerAddress=, proxyServerPort=0, executionList=&quot;&quot;, isApplyToDesiredCapabilities=true }"/>
         <property name="platform" value="Windows 11"/>
      </properties>
      <testcase name="Test Cases/testCase" time="5.443" classname="Test Cases/testCase" status="PASSED">
         <system-out><![CDATA[2023-06-21 16:03:38 - [TEST_CASE][PASSED] - Test Cases/testCase: Test Cases/testCase

2023-06-21 16:03:38 - [TEST_STEP][PASSED] - openBrowser(""): Browser is opened with url: ''

2023-06-21 16:03:38 - [MESSAGE][INFO] - Starting 'Chrome' driver

2023-06-21 16:03:38 - [MESSAGE][INFO] - Action delay is set to 0 milliseconds

2023-06-21 16:03:40 - [MESSAGE][PASSED] - Browser is opened with url: ''

2023-06-21 16:03:40 - [TEST_STEP][PASSED] - navigateToUrl("https://www.naver.com/"): Navigate to 'https://www.naver.com/' successfully

2023-06-21 16:03:40 - [MESSAGE][PASSED] - Navigate to 'https://www.naver.com/' successfully

2023-06-21 16:03:40 - [TEST_STEP][PASSED] - setText(findTestObject("Object Repository/Page_NAVER/input__query"), "검색 테스트 결과 확인"): Text '검색 테스트 결과 확인' is set on object 'Object Repository/Page_NAVER/input__query'

2023-06-21 16:03:41 - [MESSAGE][PASSED] - Text '검색 테스트 결과 확인' is set on object 'Object Repository/Page_NAVER/input__query'

2023-06-21 16:03:41 - [TEST_STEP][PASSED] - click(findTestObject("Object Repository/Page_NAVER/span__search-btn")): Object: 'Object Repository/Page_NAVER/span__search-btn' is clicked on

2023-06-21 16:03:42 - [MESSAGE][PASSED] - Object: 'Object Repository/Page_NAVER/span__search-btn' is clicked on

2023-06-21 16:03:42 - [TEST_STEP][PASSED] - click(findTestObject("Object Repository/Page_/a_URL   - Search Console")): Object: 'Object Repository/Page_/a_URL   - Search Console' is clicked on

2023-06-21 16:03:43 - [MESSAGE][PASSED] - Object: 'Object Repository/Page_/a_URL   - Search Console' is clicked on]]></system-out>
         <system-err><![CDATA[]]></system-err>
      </testcase>
      <system-out><![CDATA[2023-06-21 16:03:38 - [TEST_SUITE][PASSED] - Naver Test: Test Cases/testCase]]></system-out>
      <system-err><![CDATA[]]></system-err>
   </testsuite>
</testsuites>
